{"/Volumes/Development/Jenkins-Initiative-robosoft/devops-sandbox/src/App.tsx": {"path":"/Volumes/Development/Jenkins-Initiative-robosoft/devops-sandbox/src/App.tsx","statementMap":{"0":{"start":{"line":5,"column":2},"end":{"line":5,"column":null}}},"fnMap":{"0":{"name":"App","decl":{"start":{"line":4,"column":9},"end":{"line":4,"column":15}},"loc":{"start":{"line":4,"column":15},"end":{"line":6,"column":null}}}},"branchMap":{},"s":{"0":2},"f":{"0":2},"b":{}}
,"/Volumes/Development/Jenkins-Initiative-robosoft/devops-sandbox/src/components/atoms/Button/index.tsx": {"path":"/Volumes/Development/Jenkins-Initiative-robosoft/devops-sandbox/src/components/atoms/Button/index.tsx","statementMap":{"0":{"start":{"line":11,"column":15},"end":{"line":17,"column":null}},"1":{"start":{"line":12,"column":2},"end":{"line":15,"column":null}}},"fnMap":{"0":{"name":"(anonymous_0)","decl":{"start":{"line":11,"column":15},"end":{"line":11,"column":16}},"loc":{"start":{"line":11,"column":73},"end":{"line":17,"column":null}}}},"branchMap":{"0":{"loc":{"start":{"line":11,"column":37},"end":{"line":11,"column":54}},"type":"default-arg","locations":[{"start":{"line":11,"column":48},"end":{"line":11,"column":54}}]}},"s":{"0":1,"1":0},"f":{"0":0},"b":{"0":[0]}}
,"/Volumes/Development/Jenkins-Initiative-robosoft/devops-sandbox/src/components/atoms/Heading/index.tsx": {"path":"/Volumes/Development/Jenkins-Initiative-robosoft/devops-sandbox/src/components/atoms/Heading/index.tsx","statementMap":{"0":{"start":{"line":9,"column":15},"end":{"line":11,"column":null}},"1":{"start":{"line":10,"column":2},"end":{"line":10,"column":null}}},"fnMap":{"0":{"name":"(anonymous_0)","decl":{"start":{"line":9,"column":15},"end":{"line":9,"column":16}},"loc":{"start":{"line":9,"column":46},"end":{"line":11,"column":null}}}},"branchMap":{},"s":{"0":1,"1":2},"f":{"0":2},"b":{}}
,"/Volumes/Development/Jenkins-Initiative-robosoft/devops-sandbox/src/components/atoms/NavLink/index.tsx": {"path":"/Volumes/Development/Jenkins-Initiative-robosoft/devops-sandbox/src/components/atoms/NavLink/index.tsx","statementMap":{"0":{"start":{"line":11,"column":16},"end":{"line":17,"column":null}},"1":{"start":{"line":12,"column":2},"end":{"line":15,"column":null}}},"fnMap":{"0":{"name":"(anonymous_0)","decl":{"start":{"line":11,"column":16},"end":{"line":11,"column":17}},"loc":{"start":{"line":11,"column":57},"end":{"line":17,"column":null}}}},"branchMap":{"0":{"loc":{"start":{"line":13,"column":37},"end":{"line":13,"column":60}},"type":"binary-expr","locations":[{"start":{"line":13,"column":37},"end":{"line":13,"column":47}},{"start":{"line":13,"column":47},"end":{"line":13,"column":60}}]}},"s":{"0":2,"1":5},"f":{"0":5},"b":{"0":[5,1]}}
,"/Volumes/Development/Jenkins-Initiative-robosoft/devops-sandbox/src/components/atoms/Subtitle/index.tsx": {"path":"/Volumes/Development/Jenkins-Initiative-robosoft/devops-sandbox/src/components/atoms/Subtitle/index.tsx","statementMap":{"0":{"start":{"line":11,"column":17},"end":{"line":15,"column":null}},"1":{"start":{"line":12,"column":2},"end":{"line":13,"column":null}}},"fnMap":{"0":{"name":"(anonymous_0)","decl":{"start":{"line":11,"column":17},"end":{"line":11,"column":18}},"loc":{"start":{"line":11,"column":57},"end":{"line":15,"column":null}}}},"branchMap":{},"s":{"0":1,"1":0},"f":{"0":0},"b":{}}
,"/Volumes/Development/Jenkins-Initiative-robosoft/devops-sandbox/src/components/atoms/Title/index.tsx": {"path":"/Volumes/Development/Jenkins-Initiative-robosoft/devops-sandbox/src/components/atoms/Title/index.tsx","statementMap":{"0":{"start":{"line":10,"column":14},"end":{"line":16,"column":null}},"1":{"start":{"line":11,"column":2},"end":{"line":14,"column":null}}},"fnMap":{"0":{"name":"(anonymous_0)","decl":{"start":{"line":10,"column":14},"end":{"line":10,"column":15}},"loc":{"start":{"line":10,"column":46},"end":{"line":16,"column":null}}}},"branchMap":{},"s":{"0":1,"1":0},"f":{"0":0},"b":{}}
,"/Volumes/Development/Jenkins-Initiative-robosoft/devops-sandbox/src/components/molecules/ListItem/index.tsx": {"path":"/Volumes/Development/Jenkins-Initiative-robosoft/devops-sandbox/src/components/molecules/ListItem/index.tsx","statementMap":{"0":{"start":{"line":16,"column":17},"end":{"line":46,"column":null}},"1":{"start":{"line":17,"column":34},"end":{"line":17,"column":null}},"2":{"start":{"line":19,"column":2},"end":{"line":28,"column":null}},"3":{"start":{"line":20,"column":4},"end":{"line":27,"column":null}},"4":{"start":{"line":22,"column":8},"end":{"line":25,"column":null}},"5":{"start":{"line":24,"column":29},"end":{"line":24,"column":44}},"6":{"start":{"line":30,"column":2},"end":{"line":32,"column":null}},"7":{"start":{"line":31,"column":4},"end":{"line":31,"column":null}},"8":{"start":{"line":34,"column":2},"end":{"line":44,"column":null}}},"fnMap":{"0":{"name":"(anonymous_0)","decl":{"start":{"line":16,"column":17},"end":{"line":16,"column":18}},"loc":{"start":{"line":16,"column":48},"end":{"line":46,"column":null}}},"1":{"name":"(anonymous_1)","decl":{"start":{"line":19,"column":12},"end":{"line":19,"column":18}},"loc":{"start":{"line":19,"column":18},"end":{"line":28,"column":5}}},"2":{"name":"(anonymous_2)","decl":{"start":{"line":21,"column":12},"end":{"line":21,"column":13}},"loc":{"start":{"line":22,"column":8},"end":{"line":25,"column":null}}},"3":{"name":"(anonymous_3)","decl":{"start":{"line":24,"column":22},"end":{"line":24,"column":29}},"loc":{"start":{"line":24,"column":29},"end":{"line":24,"column":44}}}},"branchMap":{"0":{"loc":{"start":{"line":30,"column":2},"end":{"line":32,"column":null}},"type":"if","locations":[{"start":{"line":30,"column":2},"end":{"line":32,"column":null}},{"start":{"line":30,"column":2},"end":{"line":32,"column":null}}]}},"s":{"0":1,"1":0,"2":0,"3":0,"4":0,"5":0,"6":0,"7":0,"8":0},"f":{"0":0,"1":0,"2":0,"3":0},"b":{"0":[0,0]}}
,"/Volumes/Development/Jenkins-Initiative-robosoft/devops-sandbox/src/components/molecules/NavBar/index.tsx": {"path":"/Volumes/Development/Jenkins-Initiative-robosoft/devops-sandbox/src/components/molecules/NavBar/index.tsx","statementMap":{"0":{"start":{"line":12,"column":15},"end":{"line":31,"column":null}},"1":{"start":{"line":13,"column":2},"end":{"line":29,"column":null}},"2":{"start":{"line":21,"column":12},"end":{"line":26,"column":null}}},"fnMap":{"0":{"name":"(anonymous_0)","decl":{"start":{"line":12,"column":15},"end":{"line":12,"column":16}},"loc":{"start":{"line":12,"column":63},"end":{"line":31,"column":null}}},"1":{"name":"(anonymous_1)","decl":{"start":{"line":20,"column":20},"end":{"line":20,"column":21}},"loc":{"start":{"line":21,"column":12},"end":{"line":26,"column":null}}}},"branchMap":{"0":{"loc":{"start":{"line":19,"column":9},"end":{"line":27,"column":null}},"type":"binary-expr","locations":[{"start":{"line":19,"column":9},"end":{"line":19,"column":null}},{"start":{"line":20,"column":10},"end":{"line":27,"column":null}}]}},"s":{"0":1,"1":2,"2":4},"f":{"0":2,"1":4},"b":{"0":[2,2]}}
,"/Volumes/Development/Jenkins-Initiative-robosoft/devops-sandbox/src/components/templates/NewsTemplate/index.tsx": {"path":"/Volumes/Development/Jenkins-Initiative-robosoft/devops-sandbox/src/components/templates/NewsTemplate/index.tsx","statementMap":{"0":{"start":{"line":10,"column":21},"end":{"line":17,"column":null}},"1":{"start":{"line":11,"column":2},"end":{"line":15,"column":null}}},"fnMap":{"0":{"name":"(anonymous_0)","decl":{"start":{"line":10,"column":21},"end":{"line":10,"column":22}},"loc":{"start":{"line":10,"column":62},"end":{"line":17,"column":null}}}},"branchMap":{},"s":{"0":1,"1":2},"f":{"0":2},"b":{}}
,"/Volumes/Development/Jenkins-Initiative-robosoft/devops-sandbox/src/constants/index.ts": {"path":"/Volumes/Development/Jenkins-Initiative-robosoft/devops-sandbox/src/constants/index.ts","statementMap":{"0":{"start":{"line":1,"column":32},"end":{"line":1,"column":null}},"1":{"start":{"line":2,"column":25},"end":{"line":2,"column":null}}},"fnMap":{},"branchMap":{},"s":{"0":1,"1":1},"f":{},"b":{}}
,"/Volumes/Development/Jenkins-Initiative-robosoft/devops-sandbox/src/pages/Home/index.tsx": {"path":"/Volumes/Development/Jenkins-Initiative-robosoft/devops-sandbox/src/pages/Home/index.tsx","statementMap":{"0":{"start":{"line":12,"column":13},"end":{"line":66,"column":null}},"1":{"start":{"line":13,"column":32},"end":{"line":13,"column":null}},"2":{"start":{"line":14,"column":28},"end":{"line":14,"column":null}},"3":{"start":{"line":15,"column":21},"end":{"line":17,"column":null}},"4":{"start":{"line":19,"column":2},"end":{"line":30,"column":null}},"5":{"start":{"line":20,"column":4},"end":{"line":29,"column":null}},"6":{"start":{"line":22,"column":8},"end":{"line":27,"column":null}},"7":{"start":{"line":25,"column":12},"end":{"line":25,"column":null}},"8":{"start":{"line":32,"column":28},"end":{"line":38,"column":null}},"9":{"start":{"line":33,"column":4},"end":{"line":37,"column":null}},"10":{"start":{"line":34,"column":6},"end":{"line":34,"column":null}},"11":{"start":{"line":36,"column":6},"end":{"line":36,"column":null}},"12":{"start":{"line":36,"column":30},"end":{"line":36,"column":51}},"13":{"start":{"line":40,"column":2},"end":{"line":64,"column":null}},"14":{"start":{"line":57,"column":16},"end":{"line":57,"column":null}}},"fnMap":{"0":{"name":"(anonymous_0)","decl":{"start":{"line":12,"column":13},"end":{"line":12,"column":19}},"loc":{"start":{"line":12,"column":19},"end":{"line":66,"column":null}}},"1":{"name":"(anonymous_1)","decl":{"start":{"line":19,"column":12},"end":{"line":19,"column":18}},"loc":{"start":{"line":19,"column":18},"end":{"line":30,"column":5}}},"2":{"name":"(anonymous_2)","decl":{"start":{"line":21,"column":12},"end":{"line":21,"column":13}},"loc":{"start":{"line":22,"column":8},"end":{"line":27,"column":null}}},"3":{"name":"(anonymous_3)","decl":{"start":{"line":24,"column":22},"end":{"line":24,"column":28}},"loc":{"start":{"line":24,"column":28},"end":{"line":26,"column":11}}},"4":{"name":"(anonymous_4)","decl":{"start":{"line":32,"column":28},"end":{"line":32,"column":34}},"loc":{"start":{"line":32,"column":34},"end":{"line":38,"column":null}}},"5":{"name":"(anonymous_5)","decl":{"start":{"line":36,"column":15},"end":{"line":36,"column":16}},"loc":{"start":{"line":36,"column":30},"end":{"line":36,"column":51}}},"6":{"name":"(anonymous_6)","decl":{"start":{"line":56,"column":43},"end":{"line":56,"column":44}},"loc":{"start":{"line":56,"column":55},"end":{"line":58,"column":15}}}},"branchMap":{"0":{"loc":{"start":{"line":16,"column":4},"end":{"line":16,"column":null}},"type":"cond-expr","locations":[{"start":{"line":16,"column":39},"end":{"line":16,"column":55}},{"start":{"line":16,"column":55},"end":{"line":16,"column":null}}]},"1":{"loc":{"start":{"line":33,"column":4},"end":{"line":37,"column":null}},"type":"if","locations":[{"start":{"line":33,"column":4},"end":{"line":37,"column":null}},{"start":{"line":35,"column":11},"end":{"line":37,"column":null}}]},"2":{"loc":{"start":{"line":53,"column":8},"end":{"line":62,"column":null}},"type":"cond-expr","locations":[{"start":{"line":54,"column":10},"end":{"line":61,"column":null}},{"start":{"line":62,"column":12},"end":{"line":62,"column":null}}]}},"s":{"0":1,"1":2,"2":2,"3":2,"4":2,"5":2,"6":0,"7":0,"8":2,"9":0,"10":0,"11":0,"12":0,"13":2,"14":0},"f":{"0":2,"1":2,"2":0,"3":0,"4":0,"5":0,"6":0},"b":{"0":[2,0],"1":[0,0],"2":[0,2]}}
,"/Volumes/Development/Jenkins-Initiative-robosoft/devops-sandbox/src/services/hackerNews.service.ts": {"path":"/Volumes/Development/Jenkins-Initiative-robosoft/devops-sandbox/src/services/hackerNews.service.ts","statementMap":{"0":{"start":{"line":6,"column":16},"end":{"line":6,"column":null}},"1":{"start":{"line":7,"column":17},"end":{"line":7,"column":null}},"2":{"start":{"line":9,"column":29},"end":{"line":17,"column":null}},"3":{"start":{"line":10,"column":2},"end":{"line":16,"column":null}},"4":{"start":{"line":12,"column":12},"end":{"line":12,"column":null}},"5":{"start":{"line":13,"column":18},"end":{"line":13,"column":null}},"6":{"start":{"line":15,"column":21},"end":{"line":15,"column":30}},"7":{"start":{"line":19,"column":24},"end":{"line":27,"column":null}},"8":{"start":{"line":20,"column":2},"end":{"line":26,"column":null}},"9":{"start":{"line":22,"column":12},"end":{"line":22,"column":null}},"10":{"start":{"line":23,"column":18},"end":{"line":23,"column":null}},"11":{"start":{"line":25,"column":21},"end":{"line":25,"column":30}}},"fnMap":{"0":{"name":"(anonymous_0)","decl":{"start":{"line":9,"column":29},"end":{"line":9,"column":36}},"loc":{"start":{"line":9,"column":57},"end":{"line":17,"column":null}}},"1":{"name":"(anonymous_1)","decl":{"start":{"line":12,"column":6},"end":{"line":12,"column":12}},"loc":{"start":{"line":12,"column":12},"end":{"line":12,"column":null}}},"2":{"name":"(anonymous_2)","decl":{"start":{"line":13,"column":6},"end":{"line":13,"column":7}},"loc":{"start":{"line":13,"column":18},"end":{"line":13,"column":null}}},"3":{"name":"(anonymous_3)","decl":{"start":{"line":15,"column":11},"end":{"line":15,"column":12}},"loc":{"start":{"line":15,"column":21},"end":{"line":15,"column":30}}},"4":{"name":"(anonymous_4)","decl":{"start":{"line":19,"column":24},"end":{"line":19,"column":31}},"loc":{"start":{"line":19,"column":51},"end":{"line":27,"column":null}}},"5":{"name":"(anonymous_5)","decl":{"start":{"line":22,"column":6},"end":{"line":22,"column":12}},"loc":{"start":{"line":22,"column":12},"end":{"line":22,"column":null}}},"6":{"name":"(anonymous_6)","decl":{"start":{"line":23,"column":6},"end":{"line":23,"column":7}},"loc":{"start":{"line":23,"column":18},"end":{"line":23,"column":null}}},"7":{"name":"(anonymous_7)","decl":{"start":{"line":25,"column":11},"end":{"line":25,"column":12}},"loc":{"start":{"line":25,"column":21},"end":{"line":25,"column":30}}}},"branchMap":{},"s":{"0":1,"1":1,"2":1,"3":2,"4":2,"5":0,"6":0,"7":1,"8":0,"9":0,"10":0,"11":0},"f":{"0":2,"1":2,"2":0,"3":0,"4":0,"5":0,"6":0,"7":0},"b":{}}
}
